\BOOKMARK [1][-]{Doc-Start}{Preface}{}% 1
\BOOKMARK [1][-]{section*.1}{Summary and Conclusions}{}% 2
\BOOKMARK [0][-]{chapter.1}{Theory}{}% 3
\BOOKMARK [1][-]{section.1.1}{Extreme value theory}{chapter.1}% 4
\BOOKMARK [2][-]{subsection.1.1.1}{Peak Over Threshold}{section.1.1}% 5
\BOOKMARK [1][-]{section.1.2}{Average Condition Exceedance Rate}{chapter.1}% 6
\BOOKMARK [1][-]{section.1.3}{Bayesian Inference}{chapter.1}% 7
\BOOKMARK [1][-]{section.1.4}{Markov Chain Monte Carlo Method}{chapter.1}% 8
\BOOKMARK [2][-]{subsection.1.4.1}{Gibbs Sampling}{section.1.4}% 9
\BOOKMARK [2][-]{subsection.1.4.2}{Metropolis\205Hastings Algorithm}{section.1.4}% 10
\BOOKMARK [2][-]{subsection.1.4.3}{Effective Sample Size}{section.1.4}% 11
\BOOKMARK [2][-]{subsection.1.4.4}{Adaptive Metropolis Algorithm}{section.1.4}% 12
\BOOKMARK [2][-]{subsection.1.4.5}{Applying Markov Chain Monte Carlo to Peak Over Threshold}{section.1.4}% 13
\BOOKMARK [2][-]{subsection.1.4.6}{Multivariate Random Normal Generator}{section.1.4}% 14
\BOOKMARK [1][-]{section.1.5}{Value at Risk}{chapter.1}% 15
\BOOKMARK [1][-]{section.1.6}{ARCH/GARCH}{chapter.1}% 16
\BOOKMARK [0][-]{chapter.2}{Data}{}% 17
\BOOKMARK [1][-]{section.2.1}{Synthetic Data}{chapter.2}% 18
\BOOKMARK [2][-]{subsection.2.1.1}{Pareto}{section.2.1}% 19
\BOOKMARK [2][-]{subsection.2.1.2}{Commodity Generated Data}{section.2.1}% 20
\BOOKMARK [1][-]{section.2.2}{Commodity Data}{chapter.2}% 21
\BOOKMARK [0][-]{chapter.3}{Summary}{}% 22
\BOOKMARK [1][-]{section.3.1}{Summary and Conclusions}{chapter.3}% 23
\BOOKMARK [1][-]{section.3.2}{Discussion}{chapter.3}% 24
\BOOKMARK [1][-]{section.3.3}{Recommendations for Further Work}{chapter.3}% 25
\BOOKMARK [0][-]{section.3.3}{Bibliography}{}% 26
